Build started 31/07/2013 13:32:39.
     1>Project "C:\openFrameworks\addons\ofxCv\ofxCvLib\ofxCvLib.vcxproj" on node 4 (Build target(s)).
     1>ClCompile:
         C:\Program Files (x86)\Microsoft Visual Studio 11.0\VC\bin\CL.exe /c /I..\..\..\addons\ofxCv\src /I..\..\..\addons\ofxCv\libs\ofxCv\include /I..\..\..\addons\ofxCv\libs\CLD\include /I..\..\..\addons\ofxOpenCv\libs\opencv\include /I..\..\..\libs\openFrameworks /I..\..\..\libs\openFrameworks\graphics /I..\..\..\libs\openFrameworks\app /I..\..\..\libs\openFrameworks\sound /I..\..\..\libs\openFrameworks\utils /I..\..\..\libs\openFrameworks\communication /I..\..\..\libs\openFrameworks\video /I..\..\..\libs\openFrameworks\types /I..\..\..\libs\openFrameworks\math /I..\..\..\libs\openFrameworks\3d /I..\..\..\libs\openFrameworks\gl /I..\..\..\libs\openFrameworks\events /I..\..\..\libs\glut\include /I..\..\..\libs\rtAudio\include /I..\..\..\libs\quicktime\include /I..\..\..\libs\freetype\include /I..\..\..\libs\freetype\include\freetype2 /I..\..\..\libs\freeImage\include /I..\..\..\libs\fmodex\include /I..\..\..\libs\videoInput\include /I..\..\..\libs\glew\include\ /I..\..\..\libs\glu\include /I..\..\..\libs\tess2\include /I..\..\..\libs\cairo\include\cairo /I..\..\..\libs\poco\include /I..\..\..\libs\glfw\include /I..\..\..\..\libs\openssl\include /I..\..\..\addons /Zi /nologo /W3 /WX- /O2 /Oi /Oy- /GL /D WIN32 /D NDEBUG /D _CONSOLE /D POCO_STATIC /D CAIRO_WIN32_STATIC_BUILD /D DISABLE_SOME_FLOATING_POINT /D _MBCS /Gm- /EHsc /MD /GS /Gy /fp:precise /Zc:wchar_t /Zc:forScope /Fo"Release\\" /Fd"Release\vc110.pdb" /Gd /TP /analyze- /errorReport:prompt ..\libs\CLD\src\ETF.cpp ..\libs\CLD\src\fdog.cpp ..\libs\ofxCv\src\Calibration.cpp ..\libs\ofxCv\src\ContourFinder.cpp ..\libs\ofxCv\src\Distance.cpp ..\libs\ofxCv\src\Flow.cpp ..\libs\ofxCv\src\Helpers.cpp ..\libs\ofxCv\src\ObjectFinder.cpp ..\libs\ofxCv\src\RunningBackground.cpp ..\libs\ofxCv\src\Tracker.cpp ..\libs\ofxCv\src\Utilities.cpp ..\libs\ofxCv\src\Wrappers.cpp
         ETF.cpp
     1>C:\openFrameworks\libs\poco\include\Poco/StreamConverter.h(126): warning C4250: 'Poco::InputStreamConverter' : inherits 'std::basic_istream<_Elem,_Traits>::std::basic_istream<_Elem,_Traits>::_Add_vtordisp1' via dominance
                 with
                 [
                     _Elem=char,
                     _Traits=std::char_traits<char>
                 ]
                 C:\Program Files (x86)\Microsoft Visual Studio 11.0\VC\include\istream(74) : see declaration of 'std::basic_istream<_Elem,_Traits>::_Add_vtordisp1'
                 with
                 [
                     _Elem=char,
                     _Traits=std::char_traits<char>
                 ]
     1>C:\openFrameworks\libs\poco\include\Poco/StreamConverter.h(144): warning C4250: 'Poco::OutputStreamConverter' : inherits 'std::basic_ostream<_Elem,_Traits>::std::basic_ostream<_Elem,_Traits>::_Add_vtordisp2' via dominance
                 with
                 [
                     _Elem=char,
                     _Traits=std::char_traits<char>
                 ]
                 C:\Program Files (x86)\Microsoft Visual Studio 11.0\VC\include\ostream(90) : see declaration of 'std::basic_ostream<_Elem,_Traits>::_Add_vtordisp2'
                 with
                 [
                     _Elem=char,
                     _Traits=std::char_traits<char>
                 ]
         fdog.cpp
     1>C:\openFrameworks\libs\poco\include\Poco/StreamConverter.h(126): warning C4250: 'Poco::InputStreamConverter' : inherits 'std::basic_istream<_Elem,_Traits>::std::basic_istream<_Elem,_Traits>::_Add_vtordisp1' via dominance
                 with
                 [
                     _Elem=char,
                     _Traits=std::char_traits<char>
                 ]
                 C:\Program Files (x86)\Microsoft Visual Studio 11.0\VC\include\istream(74) : see declaration of 'std::basic_istream<_Elem,_Traits>::_Add_vtordisp1'
                 with
                 [
                     _Elem=char,
                     _Traits=std::char_traits<char>
                 ]
     1>C:\openFrameworks\libs\poco\include\Poco/StreamConverter.h(144): warning C4250: 'Poco::OutputStreamConverter' : inherits 'std::basic_ostream<_Elem,_Traits>::std::basic_ostream<_Elem,_Traits>::_Add_vtordisp2' via dominance
                 with
                 [
                     _Elem=char,
                     _Traits=std::char_traits<char>
                 ]
                 C:\Program Files (x86)\Microsoft Visual Studio 11.0\VC\include\ostream(90) : see declaration of 'std::basic_ostream<_Elem,_Traits>::_Add_vtordisp2'
                 with
                 [
                     _Elem=char,
                     _Traits=std::char_traits<char>
                 ]
         Calibration.cpp
     1>C:\openFrameworks\libs\poco\include\Poco/StreamConverter.h(126): warning C4250: 'Poco::InputStreamConverter' : inherits 'std::basic_istream<_Elem,_Traits>::std::basic_istream<_Elem,_Traits>::_Add_vtordisp1' via dominance
                 with
                 [
                     _Elem=char,
                     _Traits=std::char_traits<char>
                 ]
                 C:\Program Files (x86)\Microsoft Visual Studio 11.0\VC\include\istream(74) : see declaration of 'std::basic_istream<_Elem,_Traits>::_Add_vtordisp1'
                 with
                 [
                     _Elem=char,
                     _Traits=std::char_traits<char>
                 ]
     1>C:\openFrameworks\libs\poco\include\Poco/StreamConverter.h(144): warning C4250: 'Poco::OutputStreamConverter' : inherits 'std::basic_ostream<_Elem,_Traits>::std::basic_ostream<_Elem,_Traits>::_Add_vtordisp2' via dominance
                 with
                 [
                     _Elem=char,
                     _Traits=std::char_traits<char>
                 ]
                 C:\Program Files (x86)\Microsoft Visual Studio 11.0\VC\include\ostream(90) : see declaration of 'std::basic_ostream<_Elem,_Traits>::_Add_vtordisp2'
                 with
                 [
                     _Elem=char,
                     _Traits=std::char_traits<char>
                 ]
         ContourFinder.cpp
     1>C:\openFrameworks\libs\poco\include\Poco/StreamConverter.h(126): warning C4250: 'Poco::InputStreamConverter' : inherits 'std::basic_istream<_Elem,_Traits>::std::basic_istream<_Elem,_Traits>::_Add_vtordisp1' via dominance
                 with
                 [
                     _Elem=char,
                     _Traits=std::char_traits<char>
                 ]
                 C:\Program Files (x86)\Microsoft Visual Studio 11.0\VC\include\istream(74) : see declaration of 'std::basic_istream<_Elem,_Traits>::_Add_vtordisp1'
                 with
                 [
                     _Elem=char,
                     _Traits=std::char_traits<char>
                 ]
     1>C:\openFrameworks\libs\poco\include\Poco/StreamConverter.h(144): warning C4250: 'Poco::OutputStreamConverter' : inherits 'std::basic_ostream<_Elem,_Traits>::std::basic_ostream<_Elem,_Traits>::_Add_vtordisp2' via dominance
                 with
                 [
                     _Elem=char,
                     _Traits=std::char_traits<char>
                 ]
                 C:\Program Files (x86)\Microsoft Visual Studio 11.0\VC\include\ostream(90) : see declaration of 'std::basic_ostream<_Elem,_Traits>::_Add_vtordisp2'
                 with
                 [
                     _Elem=char,
                     _Traits=std::char_traits<char>
                 ]
         Distance.cpp
         Flow.cpp
     1>C:\openFrameworks\libs\poco\include\Poco/StreamConverter.h(126): warning C4250: 'Poco::InputStreamConverter' : inherits 'std::basic_istream<_Elem,_Traits>::std::basic_istream<_Elem,_Traits>::_Add_vtordisp1' via dominance
                 with
                 [
                     _Elem=char,
                     _Traits=std::char_traits<char>
                 ]
                 C:\Program Files (x86)\Microsoft Visual Studio 11.0\VC\include\istream(74) : see declaration of 'std::basic_istream<_Elem,_Traits>::_Add_vtordisp1'
                 with
                 [
                     _Elem=char,
                     _Traits=std::char_traits<char>
                 ]
     1>C:\openFrameworks\libs\poco\include\Poco/StreamConverter.h(144): warning C4250: 'Poco::OutputStreamConverter' : inherits 'std::basic_ostream<_Elem,_Traits>::std::basic_ostream<_Elem,_Traits>::_Add_vtordisp2' via dominance
                 with
                 [
                     _Elem=char,
                     _Traits=std::char_traits<char>
                 ]
                 C:\Program Files (x86)\Microsoft Visual Studio 11.0\VC\include\ostream(90) : see declaration of 'std::basic_ostream<_Elem,_Traits>::_Add_vtordisp2'
                 with
                 [
                     _Elem=char,
                     _Traits=std::char_traits<char>
                 ]
         Helpers.cpp
     1>C:\openFrameworks\libs\poco\include\Poco/StreamConverter.h(126): warning C4250: 'Poco::InputStreamConverter' : inherits 'std::basic_istream<_Elem,_Traits>::std::basic_istream<_Elem,_Traits>::_Add_vtordisp1' via dominance
                 with
                 [
                     _Elem=char,
                     _Traits=std::char_traits<char>
                 ]
                 C:\Program Files (x86)\Microsoft Visual Studio 11.0\VC\include\istream(74) : see declaration of 'std::basic_istream<_Elem,_Traits>::_Add_vtordisp1'
                 with
                 [
                     _Elem=char,
                     _Traits=std::char_traits<char>
                 ]
     1>C:\openFrameworks\libs\poco\include\Poco/StreamConverter.h(144): warning C4250: 'Poco::OutputStreamConverter' : inherits 'std::basic_ostream<_Elem,_Traits>::std::basic_ostream<_Elem,_Traits>::_Add_vtordisp2' via dominance
                 with
                 [
                     _Elem=char,
                     _Traits=std::char_traits<char>
                 ]
                 C:\Program Files (x86)\Microsoft Visual Studio 11.0\VC\include\ostream(90) : see declaration of 'std::basic_ostream<_Elem,_Traits>::_Add_vtordisp2'
                 with
                 [
                     _Elem=char,
                     _Traits=std::char_traits<char>
                 ]
         ObjectFinder.cpp
     1>C:\openFrameworks\libs\poco\include\Poco/StreamConverter.h(126): warning C4250: 'Poco::InputStreamConverter' : inherits 'std::basic_istream<_Elem,_Traits>::std::basic_istream<_Elem,_Traits>::_Add_vtordisp1' via dominance
                 with
                 [
                     _Elem=char,
                     _Traits=std::char_traits<char>
                 ]
                 C:\Program Files (x86)\Microsoft Visual Studio 11.0\VC\include\istream(74) : see declaration of 'std::basic_istream<_Elem,_Traits>::_Add_vtordisp1'
                 with
                 [
                     _Elem=char,
                     _Traits=std::char_traits<char>
                 ]
     1>C:\openFrameworks\libs\poco\include\Poco/StreamConverter.h(144): warning C4250: 'Poco::OutputStreamConverter' : inherits 'std::basic_ostream<_Elem,_Traits>::std::basic_ostream<_Elem,_Traits>::_Add_vtordisp2' via dominance
                 with
                 [
                     _Elem=char,
                     _Traits=std::char_traits<char>
                 ]
                 C:\Program Files (x86)\Microsoft Visual Studio 11.0\VC\include\ostream(90) : see declaration of 'std::basic_ostream<_Elem,_Traits>::_Add_vtordisp2'
                 with
                 [
                     _Elem=char,
                     _Traits=std::char_traits<char>
                 ]
         RunningBackground.cpp
     1>C:\openFrameworks\libs\poco\include\Poco/StreamConverter.h(126): warning C4250: 'Poco::InputStreamConverter' : inherits 'std::basic_istream<_Elem,_Traits>::std::basic_istream<_Elem,_Traits>::_Add_vtordisp1' via dominance
                 with
                 [
                     _Elem=char,
                     _Traits=std::char_traits<char>
                 ]
                 C:\Program Files (x86)\Microsoft Visual Studio 11.0\VC\include\istream(74) : see declaration of 'std::basic_istream<_Elem,_Traits>::_Add_vtordisp1'
                 with
                 [
                     _Elem=char,
                     _Traits=std::char_traits<char>
                 ]
     1>C:\openFrameworks\libs\poco\include\Poco/StreamConverter.h(144): warning C4250: 'Poco::OutputStreamConverter' : inherits 'std::basic_ostream<_Elem,_Traits>::std::basic_ostream<_Elem,_Traits>::_Add_vtordisp2' via dominance
                 with
                 [
                     _Elem=char,
                     _Traits=std::char_traits<char>
                 ]
                 C:\Program Files (x86)\Microsoft Visual Studio 11.0\VC\include\ostream(90) : see declaration of 'std::basic_ostream<_Elem,_Traits>::_Add_vtordisp2'
                 with
                 [
                     _Elem=char,
                     _Traits=std::char_traits<char>
                 ]
         Tracker.cpp
     1>C:\openFrameworks\addons\ofxCv\libs\ofxCv\include\ofxCv/Tracker.h(326): warning C4244: 'argument' : conversion from 'const int' to 'float', possible loss of data
     1>C:\openFrameworks\addons\ofxCv\libs\ofxCv\include\ofxCv/Tracker.h(326): warning C4244: 'argument' : conversion from 'int' to 'float', possible loss of data
     1>C:\openFrameworks\addons\ofxCv\libs\ofxCv\include\ofxCv/Tracker.h(326): warning C4244: '=' : conversion from 'float' to 'int', possible loss of data
     1>C:\openFrameworks\addons\ofxCv\libs\ofxCv\include\ofxCv/Tracker.h(327): warning C4244: 'argument' : conversion from 'const int' to 'float', possible loss of data
     1>C:\openFrameworks\addons\ofxCv\libs\ofxCv\include\ofxCv/Tracker.h(327): warning C4244: 'argument' : conversion from 'int' to 'float', possible loss of data
     1>C:\openFrameworks\addons\ofxCv\libs\ofxCv\include\ofxCv/Tracker.h(327): warning C4244: '=' : conversion from 'float' to 'int', possible loss of data
     1>C:\openFrameworks\addons\ofxCv\libs\ofxCv\include\ofxCv/Tracker.h(328): warning C4244: 'argument' : conversion from 'const int' to 'float', possible loss of data
     1>C:\openFrameworks\addons\ofxCv\libs\ofxCv\include\ofxCv/Tracker.h(328): warning C4244: 'argument' : conversion from 'int' to 'float', possible loss of data
     1>C:\openFrameworks\addons\ofxCv\libs\ofxCv\include\ofxCv/Tracker.h(328): warning C4244: '=' : conversion from 'float' to 'int', possible loss of data
     1>C:\openFrameworks\addons\ofxCv\libs\ofxCv\include\ofxCv/Tracker.h(329): warning C4244: 'argument' : conversion from 'const int' to 'float', possible loss of data
     1>C:\openFrameworks\addons\ofxCv\libs\ofxCv\include\ofxCv/Tracker.h(329): warning C4244: 'argument' : conversion from 'int' to 'float', possible loss of data
     1>C:\openFrameworks\addons\ofxCv\libs\ofxCv\include\ofxCv/Tracker.h(329): warning C4244: '=' : conversion from 'float' to 'int', possible loss of data
     1>C:\openFrameworks\addons\ofxCv\libs\ofxCv\include\ofxCv/Tracker.h(351): warning C4244: 'argument' : conversion from 'int' to 'float', possible loss of data
     1>C:\openFrameworks\addons\ofxCv\libs\ofxCv\include\ofxCv/Tracker.h(352): warning C4244: 'argument' : conversion from 'int' to 'float', possible loss of data
     1>C:\openFrameworks\libs\poco\include\Poco/StreamConverter.h(126): warning C4250: 'Poco::InputStreamConverter' : inherits 'std::basic_istream<_Elem,_Traits>::std::basic_istream<_Elem,_Traits>::_Add_vtordisp1' via dominance
                 with
                 [
                     _Elem=char,
                     _Traits=std::char_traits<char>
                 ]
                 C:\Program Files (x86)\Microsoft Visual Studio 11.0\VC\include\istream(74) : see declaration of 'std::basic_istream<_Elem,_Traits>::_Add_vtordisp1'
                 with
                 [
                     _Elem=char,
                     _Traits=std::char_traits<char>
                 ]
     1>C:\openFrameworks\libs\poco\include\Poco/StreamConverter.h(144): warning C4250: 'Poco::OutputStreamConverter' : inherits 'std::basic_ostream<_Elem,_Traits>::std::basic_ostream<_Elem,_Traits>::_Add_vtordisp2' via dominance
                 with
                 [
                     _Elem=char,
                     _Traits=std::char_traits<char>
                 ]
                 C:\Program Files (x86)\Microsoft Visual Studio 11.0\VC\include\ostream(90) : see declaration of 'std::basic_ostream<_Elem,_Traits>::_Add_vtordisp2'
                 with
                 [
                     _Elem=char,
                     _Traits=std::char_traits<char>
                 ]
         Utilities.cpp
     1>C:\openFrameworks\libs\poco\include\Poco/StreamConverter.h(126): warning C4250: 'Poco::InputStreamConverter' : inherits 'std::basic_istream<_Elem,_Traits>::std::basic_istream<_Elem,_Traits>::_Add_vtordisp1' via dominance
                 with
                 [
                     _Elem=char,
                     _Traits=std::char_traits<char>
                 ]
                 C:\Program Files (x86)\Microsoft Visual Studio 11.0\VC\include\istream(74) : see declaration of 'std::basic_istream<_Elem,_Traits>::_Add_vtordisp1'
                 with
                 [
                     _Elem=char,
                     _Traits=std::char_traits<char>
                 ]
     1>C:\openFrameworks\libs\poco\include\Poco/StreamConverter.h(144): warning C4250: 'Poco::OutputStreamConverter' : inherits 'std::basic_ostream<_Elem,_Traits>::std::basic_ostream<_Elem,_Traits>::_Add_vtordisp2' via dominance
                 with
                 [
                     _Elem=char,
                     _Traits=std::char_traits<char>
                 ]
                 C:\Program Files (x86)\Microsoft Visual Studio 11.0\VC\include\ostream(90) : see declaration of 'std::basic_ostream<_Elem,_Traits>::_Add_vtordisp2'
                 with
                 [
                     _Elem=char,
                     _Traits=std::char_traits<char>
                 ]
         Wrappers.cpp
     1>C:\openFrameworks\libs\poco\include\Poco/StreamConverter.h(126): warning C4250: 'Poco::InputStreamConverter' : inherits 'std::basic_istream<_Elem,_Traits>::std::basic_istream<_Elem,_Traits>::_Add_vtordisp1' via dominance
                 with
                 [
                     _Elem=char,
                     _Traits=std::char_traits<char>
                 ]
                 C:\Program Files (x86)\Microsoft Visual Studio 11.0\VC\include\istream(74) : see declaration of 'std::basic_istream<_Elem,_Traits>::_Add_vtordisp1'
                 with
                 [
                     _Elem=char,
                     _Traits=std::char_traits<char>
                 ]
     1>C:\openFrameworks\libs\poco\include\Poco/StreamConverter.h(144): warning C4250: 'Poco::OutputStreamConverter' : inherits 'std::basic_ostream<_Elem,_Traits>::std::basic_ostream<_Elem,_Traits>::_Add_vtordisp2' via dominance
                 with
                 [
                     _Elem=char,
                     _Traits=std::char_traits<char>
                 ]
                 C:\Program Files (x86)\Microsoft Visual Studio 11.0\VC\include\ostream(90) : see declaration of 'std::basic_ostream<_Elem,_Traits>::_Add_vtordisp2'
                 with
                 [
                     _Elem=char,
                     _Traits=std::char_traits<char>
                 ]
       Lib:
         C:\Program Files (x86)\Microsoft Visual Studio 11.0\VC\bin\Lib.exe /OUT:"C:\openFrameworks\apps\ProjectTimeCone\Test_FrameInterpolationStudy\bin\ofxCvLib.lib" opencv_calib3d245.lib opencv_contrib245.lib opencv_core245.lib opencv_features2d245.lib opencv_flann245.lib opencv_gpu245.lib opencv_haartraining_engine.lib opencv_highgui245.lib opencv_imgproc245.lib opencv_legacy245.lib opencv_ml245.lib opencv_nonfree245.lib opencv_objdetect245.lib opencv_photo245.lib opencv_stitching245.lib opencv_superres245.lib opencv_ts245.lib opencv_video245.lib zlib.lib /LIBPATH:..\..\..\addons\ofxOpenCv\libs\opencv\lib\vs /NOLOGO /LTCG Release\ETF.obj
         Release\fdog.obj
         Release\Calibration.obj
         Release\ContourFinder.obj
         Release\Distance.obj
         Release\Flow.obj
         Release\Helpers.obj
         Release\ObjectFinder.obj
         Release\RunningBackground.obj
         Release\Tracker.obj
         Release\Utilities.obj
         Release\Wrappers.obj
         ofxCvLib.vcxproj -> C:\openFrameworks\apps\ProjectTimeCone\Test_FrameInterpolationStudy\bin\ofxCvLib.lib
       PostBuildEvent:
         xcopy /e /i /y "C:\openFrameworks\addons\ofxCv\ofxCvLib\..\..\..\export\vs\*.dll" "C:\openFrameworks\addons\ofxCv\ofxCvLib\bin"
         :VCEnd
         C:\openFrameworks\addons\ofxCv\ofxCvLib\..\..\..\export\vs\Assimp32.dll
         C:\openFrameworks\addons\ofxCv\ofxCvLib\..\..\..\export\vs\fmodex.dll
         C:\openFrameworks\addons\ofxCv\ofxCvLib\..\..\..\export\vs\fmodexL.dll
         C:\openFrameworks\addons\ofxCv\ofxCvLib\..\..\..\export\vs\FreeImage.dll
         C:\openFrameworks\addons\ofxCv\ofxCvLib\..\..\..\export\vs\FreeType-6.dll
         C:\openFrameworks\addons\ofxCv\ofxCvLib\..\..\..\export\vs\glut32.dll
         C:\openFrameworks\addons\ofxCv\ofxCvLib\..\..\..\export\vs\libeay32.dll
         C:\openFrameworks\addons\ofxCv\ofxCvLib\..\..\..\export\vs\ssleay32.dll
         C:\openFrameworks\addons\ofxCv\ofxCvLib\..\..\..\export\vs\Zlib.dll
         9 File(s) copied
     1>Done Building Project "C:\openFrameworks\addons\ofxCv\ofxCvLib\ofxCvLib.vcxproj" (Build target(s)).

Build succeeded.

Time Elapsed 00:00:53.73
